SF:lib/core/services/http/dio_http_service.dart
DA:9,4
DA:10,10
DA:17,6
DA:18,3
DA:19,3
DA:22,3
DA:32,1
DA:36,3
DA:41,3
DA:42,1
DA:44,1
DA:45,1
DA:49,1
DA:53,1
DA:58,3
DA:64,3
DA:65,1
DA:67,1
DA:68,1
DA:72,1
DA:75,1
DA:77,1
DA:80,1
DA:82,1
LF:24
LH:24
end_of_record
SF:lib/core/services/http/http_service_provider.dart
DA:6,12
DA:7,3
LF:2
LH:2
end_of_record
SF:lib/features/alias/views/widgets/alias_app_bar.dart
DA:4,9
DA:6,2
DA:8,2
LF:3
LH:3
end_of_record
SF:lib/alias_app.dart
DA:6,1
DA:8,1
LF:2
LH:2
end_of_record
SF:lib/features/alias/views/pages/alias_page.dart
DA:8,9
DA:10,1
DA:12,1
DA:13,1
DA:16,1
LF:5
LH:5
end_of_record
SF:lib/core/exceptions/http_exception.dart
DA:4,1
LF:1
LH:1
end_of_record
SF:lib/core/widgets/shimmer.dart
DA:6,8
DA:12,0
DA:26,0
DA:27,0
DA:33,0
DA:35,0
DA:38,0
DA:39,0
DA:41,0
DA:42,0
DA:45,0
DA:47,0
DA:48,0
DA:51,0
DA:53,0
DA:54,0
DA:55,0
DA:56,0
DA:57,0
DA:58,0
DA:60,0
LF:21
LH:1
end_of_record
SF:lib/features/alias/entities/alias.dart
DA:4,10
DA:14,2
DA:15,8
LF:3
LH:3
end_of_record
SF:lib/features/alias/enums/alias_status.dart
DA:1,8
LF:1
LH:1
end_of_record
SF:lib/features/alias/logic/alias_provider.dart
DA:8,4
DA:9,3
DA:12,4
DA:13,6
DA:15,2
DA:16,5
LF:6
LH:6
end_of_record
SF:lib/features/alias/logic/alias_state_notifier.dart
DA:8,2
DA:10,2
DA:11,2
DA:16,1
DA:17,3
DA:21,3
DA:23,3
DA:25,1
DA:27,2
DA:31,3
LF:10
LH:10
end_of_record
SF:lib/features/alias/models/alias_model.dart
DA:6,10
DA:10,5
DA:16,1
DA:17,1
DA:18,1
DA:19,1
DA:20,1
DA:21,1
DA:26,5
DA:27,5
DA:28,5
DA:29,10
DA:30,10
DA:34,0
DA:36,0
DA:37,0
LF:16
LH:13
end_of_record
SF:lib/features/alias/logic/alias_state.dart
DA:9,12
DA:14,2
DA:18,1
DA:22,1
DA:23,0
DA:24,1
DA:28,1
DA:29,3
LF:8
LH:7
end_of_record
SF:lib/features/alias/repositories/alias_repository.dart
DA:8,6
DA:9,2
DA:10,4
DA:11,2
LF:4
LH:4
end_of_record
SF:lib/features/alias/repositories/http_alias_repository.dart
DA:7,3
DA:12,1
DA:16,1
DA:19,1
DA:22,4
DA:24,1
LF:6
LH:6
end_of_record
SF:lib/features/alias/views/widgets/alias_create.dart
DA:6,8
DA:8,1
DA:9,1
DA:15,1
DA:17,2
DA:19,1
DA:22,1
DA:24,1
DA:26,1
DA:27,1
DA:28,1
DA:29,1
DA:30,1
DA:35,0
DA:36,0
DA:38,0
DA:45,1
DA:46,0
DA:47,0
DA:48,0
DA:49,0
DA:51,0
DA:53,1
LF:23
LH:15
end_of_record
SF:lib/features/alias/views/widgets/alias_history_list.dart
DA:8,9
DA:10,2
DA:12,4
DA:13,2
DA:15,2
DA:16,1
DA:17,1
DA:18,2
DA:19,2
LF:9
LH:9
end_of_record
SF:lib/features/alias/views/widgets/alias_shimmer.dart
DA:8,8
DA:10,1
DA:12,2
DA:14,1
DA:15,0
DA:17,0
DA:21,0
DA:23,0
DA:27,0
DA:60,1
LF:10
LH:5
end_of_record
SF:lib/features/alias/views/widgets/alias_card.dart
DA:5,1
DA:9,1
DA:14,1
DA:16,1
DA:18,1
DA:22,1
DA:28,1
DA:30,1
DA:31,2
DA:35,2
DA:43,2
DA:46,1
DA:48,1
DA:49,0
DA:50,0
DA:51,0
DA:58,0
DA:60,1
DA:61,1
DA:63,1
DA:68,1
DA:69,1
LF:22
LH:18
end_of_record
